c:\users\vlado\source\repos\agafonov23vp2_1\agafonov23vp2_1\x64\debug\agafonov23vp2_1.pch
c:\users\vlado\source\repos\agafonov23vp2_1\agafonov23vp2_1\x64\debug\vc143.pdb
c:\users\vlado\source\repos\agafonov23vp2_1\agafonov23vp2_1\x64\debug\pch.obj
c:\users\vlado\source\repos\agafonov23vp2_1\agafonov23vp2_1\x64\debug\cppclr_winformsproject.obj
c:\users\vlado\source\repos\agafonov23vp2_1\agafonov23vp2_1\x64\debug\assemblyinfo.obj
c:\users\vlado\source\repos\agafonov23vp2_1\agafonov23vp2_1\x64\debug\.netframework,version=v4.7.2.assemblyattributes.obj
c:\users\vlado\source\repos\agafonov23vp2_1\agafonov23vp2_1\x64\debug\form1.obj
c:\users\vlado\source\repos\agafonov23vp2_1\agafonov23vp2_1\x64\debug\figure.obj
c:\users\vlado\source\repos\agafonov23vp2_1\agafonov23vp2_1\x64\debug\app.res
c:\users\vlado\source\repos\agafonov23vp2_1\x64\debug\agafonov23vp2_1.exe
c:\users\vlado\source\repos\agafonov23vp2_1\x64\debug\agafonov23vp2_1.pdb
c:\users\vlado\source\repos\agafonov23vp2_1\agafonov23vp2_1\x64\debug\agafonov23vp2_1.tlog\cl.command.1.tlog
c:\users\vlado\source\repos\agafonov23vp2_1\agafonov23vp2_1\x64\debug\agafonov23vp2_1.tlog\cl.items.tlog
c:\users\vlado\source\repos\agafonov23vp2_1\agafonov23vp2_1\x64\debug\agafonov23vp2_1.tlog\cl.read.1.tlog
c:\users\vlado\source\repos\agafonov23vp2_1\agafonov23vp2_1\x64\debug\agafonov23vp2_1.tlog\cl.write.1.tlog
c:\users\vlado\source\repos\agafonov23vp2_1\agafonov23vp2_1\x64\debug\agafonov23vp2_1.tlog\link.command.1.tlog
c:\users\vlado\source\repos\agafonov23vp2_1\agafonov23vp2_1\x64\debug\agafonov23vp2_1.tlog\link.read.1.tlog
c:\users\vlado\source\repos\agafonov23vp2_1\agafonov23vp2_1\x64\debug\agafonov23vp2_1.tlog\link.secondary.1.tlog
c:\users\vlado\source\repos\agafonov23vp2_1\agafonov23vp2_1\x64\debug\agafonov23vp2_1.tlog\link.write.1.tlog
c:\users\vlado\source\repos\agafonov23vp2_1\agafonov23vp2_1\x64\debug\agafonov23vp2_1.tlog\metagen.read.1.tlog
c:\users\vlado\source\repos\agafonov23vp2_1\agafonov23vp2_1\x64\debug\agafonov23vp2_1.tlog\metagen.write.1.tlog
c:\users\vlado\source\repos\agafonov23vp2_1\agafonov23vp2_1\x64\debug\agafonov23vp2_1.tlog\rc.command.1.tlog
c:\users\vlado\source\repos\agafonov23vp2_1\agafonov23vp2_1\x64\debug\agafonov23vp2_1.tlog\rc.read.1.tlog
c:\users\vlado\source\repos\agafonov23vp2_1\agafonov23vp2_1\x64\debug\agafonov23vp2_1.tlog\rc.write.1.tlog
c:\users\vlado\source\repos\agafonov23vp2_1\agafonov23vp2_1\x64\debug\agafonov23vp2_1.tlog\resgen.command.1.tlog
c:\users\vlado\source\repos\agafonov23vp2_1\agafonov23vp2_1\x64\debug\agafonov23vp2_1.tlog\resgen.read.1.tlog
c:\users\vlado\source\repos\agafonov23vp2_1\agafonov23vp2_1\x64\debug\agafonov23vp2_1.tlog\resgen.write.1.tlog
